---------------------------------------------
    Analysis completed on
    Date: 02/12/2014
    Time: 16:51:17

    SeismoStruct v7.0.0 build 100
---------------------------------------------


 Estimated size of output file: 1704 KB


      Permanent Loading
-----------------------------------------

 LF=  1.00000,   LF_incr=  1.00000  (Iter:  1 => Converg)


      Variable Loading
----------------------------

Phase No. 	1
Type of Control:	Response Control
Controlled Node:	n112b
Controlled Direction:	x
Target Displ.:	0.4
Steps:		500
 Disp_Incr=  0.00080, LF=  0.18523 (Iter:  1 => Converg)
 Disp_Incr=  0.00080, LF=  0.37046 (Iter:  1 => Converg)
 Disp_Incr=  0.00080, LF=  0.55419 (Iter:  1 => Converg)
 Disp_Incr=  0.00080, LF=  0.72240 (Iter:  1 => Converg)
 Disp_Incr=  0.00080, LF=  0.86466 (Iter:  1 => Converg)
 Disp_Incr=  0.00080, LF=  0.98679 (Iter:  1 => Converg)
 Disp_Incr=  0.00080, LF=  1.09509 (Iter:  1 => Converg)
 Disp_Incr=  0.00080, LF=  1.18983 (Iter:  1 => Converg)
 Disp_Incr=  0.00080, LF=  1.27359 (Iter:  1 => Converg)
 Disp_Incr=  0.00080, LF=  1.34787 (Iter:  1 => Converg)
 Disp_Incr=  0.00080, LF=  1.41309 (Iter:  1 => Converg)
 Disp_Incr=  0.00080, LF=  1.47545 (Iter:  1 => Converg)
 Disp_Incr=  0.00080, LF=  1.53298 (Iter:  1 => Converg)
 Disp_Incr=  0.00080, LF=  1.58649 (Iter:  1 => Converg)
 Disp_Incr=  0.00080, LF=  1.63474 (Iter:  1 => Converg)
 Disp_Incr=  0.00080, LF=  1.68209 (Iter:  1 => Converg)
 Disp_Incr=  0.00080, LF=  1.72900 (Iter:  1 => Converg)
 Disp_Incr=  0.00080, LF=  1.77430 (Iter:  1 => Converg)
 Disp_Incr=  0.00080, LF=  1.81871 (Iter:  1 => Converg)
 Disp_Incr=  0.00080, LF=  1.85923 (Iter:  1 => Converg)
 Disp_Incr=  0.00080, LF=  1.89932 (Iter:  1 => Converg)
 Disp_Incr=  0.00080, LF=  1.93877 (Iter:  1 => Converg)
 Disp_Incr=  0.00080, LF=  1.97749 (Iter:  1 => Converg)
 Disp_Incr=  0.00080, LF=  2.01471 (Iter:  1 => Converg)
 Disp_Incr=  0.00080, LF=  2.05118 (Iter:  1 => Converg)
 Disp_Incr=  0.00080, LF=  2.08699 (Iter:  1 => Converg)
 Disp_Incr=  0.00080, LF=  2.12244 (Iter:  1 => Converg)
 Disp_Incr=  0.00080, LF=  2.15758 (Iter:  1 => Converg)
 Disp_Incr=  0.00080, LF=  2.19143 (Iter:  1 => Converg)
 Disp_Incr=  0.00080, LF=  2.22508 (Iter:  1 => Converg)
 Disp_Incr=  0.00080, LF=  2.25858 (Iter:  1 => Converg)
 Disp_Incr=  0.00080, LF=  2.29195 (Iter:  1 => Converg)
 Disp_Incr=  0.00080, LF=  2.32529 (Iter:  1 => Converg)
 Disp_Incr=  0.00080, LF=  2.35861 (Iter:  1 => Converg)
 Disp_Incr=  0.00080, LF=  2.39189 (Iter:  1 => Converg)
 Disp_Incr=  0.00080, LF=  2.42453 (Iter:  1 => Converg)
 Disp_Incr=  0.00080, LF=  2.45695 (Iter:  1 => Converg)
 Disp_Incr=  0.00080, LF=  2.48923 (Iter:  1 => Converg)
 Disp_Incr=  0.00080, LF=  2.52072 (Iter:  1 => Converg)
 Disp_Incr=  0.00080, LF=  2.55207 (Iter:  1 => Converg)
 Disp_Incr=  0.00080, LF=  2.58331 (Iter:  1 => Converg)
 Disp_Incr=  0.00080, LF=  2.61437 (Iter:  1 => Converg)
 Disp_Incr=  0.00080, LF=  2.64526 (Iter:  1 => Converg)
 Disp_Incr=  0.00080, LF=  2.67609 (Iter:  1 => Converg)
 Disp_Incr=  0.00080, LF=  2.70688 (Iter:  1 => Converg)
 Disp_Incr=  0.00080, LF=  2.73738 (Iter:  1 => Converg)
 Disp_Incr=  0.00080, LF=  2.76746 (Iter:  1 => Converg)
 Disp_Incr=  0.00080, LF=  2.79702 (Iter:  1 => Converg)
 Disp_Incr=  0.00080, LF=  2.82646 (Iter:  1 => Converg)
 Disp_Incr=  0.00080, LF=  2.85589 (Iter:  1 => Converg)
 Disp_Incr=  0.00080, LF=  2.88530 (Iter:  1 => Converg)
 Disp_Incr=  0.00080, LF=  2.91471 (Iter:  1 => Converg)
 Disp_Incr=  0.00080, LF=  2.94411 (Iter:  1 => Converg)
 Disp_Incr=  0.00080, LF=  2.97343 (Iter:  1 => Converg)
 Disp_Incr=  0.00080, LF=  3.00263 (Iter:  1 => Converg)
 Disp_Incr=  0.00080, LF=  3.03171 (Iter:  1 => Converg)
 Disp_Incr=  0.00080, LF=  3.06058 (Iter:  1 => Converg)
 Disp_Incr=  0.00080, LF=  3.08944 (Iter:  1 => Converg)
 Disp_Incr=  0.00080, LF=  3.11827 (Iter:  1 => Converg)
 Disp_Incr=  0.00080, LF=  3.14709 (Iter:  1 => Converg)
 Disp_Incr=  0.00080, LF=  3.17589 (Iter:  1 => Converg)
 Disp_Incr=  0.00080, LF=  3.20455 (Iter:  1 => Converg)
 Disp_Incr=  0.00080, LF=  3.23316 (Iter:  1 => Converg)
 Disp_Incr=  0.00080, LF=  3.26176 (Iter:  1 => Converg)
 Disp_Incr=  0.00080, LF=  3.29035 (Iter:  1 => Converg)
 Disp_Incr=  0.00080, LF=  3.31892 (Iter:  1 => Converg)
 Disp_Incr=  0.00080, LF=  3.34747 (Iter:  1 => Converg)
 Disp_Incr=  0.00080, LF=  3.37598 (Iter:  1 => Converg)
 Disp_Incr=  0.00080, LF=  3.40450 (Iter:  1 => Converg)
 Disp_Incr=  0.00080, LF=  3.43298 (Iter:  1 => Converg)
 Disp_Incr=  0.00080, LF=  3.46140 (Iter:  1 => Converg)
 Disp_Incr=  0.00080, LF=  3.48955 (Iter:  1 => Converg)
 Disp_Incr=  0.00080, LF=  3.51766 (Iter:  1 => Converg)
 Disp_Incr=  0.00080, LF=  3.54563 (Iter:  1 => Converg)
 Disp_Incr=  0.00080, LF=  3.57357 (Iter:  1 => Converg)
 Disp_Incr=  0.00080, LF=  3.60151 (Iter:  1 => Converg)
 Disp_Incr=  0.00080, LF=  3.62941 (Iter:  1 => Converg)
 Disp_Incr=  0.00080, LF=  3.65730 (Iter:  1 => Converg)
 Disp_Incr=  0.00080, LF=  3.68518 (Iter:  1 => Converg)
 Disp_Incr=  0.00080, LF=  3.71301 (Iter:  1 => Converg)
 Disp_Incr=  0.00080, LF=  3.74071 (Iter:  1 => Converg)
 Disp_Incr=  0.00080, LF=  3.76832 (Iter:  1 => Converg)
 Disp_Incr=  0.00080, LF=  3.79588 (Iter:  1 => Converg)
 Disp_Incr=  0.00080, LF=  3.82342 (Iter:  1 => Converg)
 Disp_Incr=  0.00080, LF=  3.85096 (Iter:  1 => Converg)
 Disp_Incr=  0.00080, LF=  3.87845 (Iter:  1 => Converg)
 Disp_Incr=  0.00080, LF=  3.90592 (Iter:  1 => Converg)
 Disp_Incr=  0.00080, LF=  3.93339 (Iter:  1 => Converg)
 Disp_Incr=  0.00080, LF=  3.96086 (Iter:  1 => Converg)
 Disp_Incr=  0.00080, LF=  3.98832 (Iter:  1 => Converg)
 Disp_Incr=  0.00080, LF=  4.01578 (Iter:  1 => Converg)
 Disp_Incr=  0.00080, LF=  4.04323 (Iter:  1 => Converg)
 Disp_Incr=  0.00080, LF=  4.07066 (Iter:  1 => Converg)
 Disp_Incr=  0.00080, LF=  4.09808 (Iter:  1 => Converg)
 Disp_Incr=  0.00080, LF=  4.12543 (Iter:  1 => Converg)
 Disp_Incr=  0.00080, LF=  4.15264 (Iter:  1 => Converg)
 Disp_Incr=  0.00080, LF=  4.17977 (Iter:  1 => Converg)
 Disp_Incr=  0.00080, LF=  4.20681 (Iter:  1 => Converg)
 Disp_Incr=  0.00080, LF=  4.23380 (Iter:  1 => Converg)
 Disp_Incr=  0.00080, LF=  4.26078 (Iter:  1 => Converg)
 Disp_Incr=  0.00080, LF=  4.28776 (Iter:  1 => Converg)
 Disp_Incr=  0.00080, LF=  4.31474 (Iter:  1 => Converg)
 Disp_Incr=  0.00080, LF=  4.34171 (Iter:  1 => Converg)
 Disp_Incr=  0.00080, LF=  4.36864 (Iter:  1 => Converg)
 Disp_Incr=  0.00080, LF=  4.39557 (Iter:  1 => Converg)
 Disp_Incr=  0.00080, LF=  4.42249 (Iter:  1 => Converg)
 Disp_Incr=  0.00080, LF=  4.44941 (Iter:  1 => Converg)
 Disp_Incr=  0.00080, LF=  4.47631 (Iter:  1 => Converg)
 Disp_Incr=  0.00080, LF=  4.50321 (Iter:  1 => Converg)
 Disp_Incr=  0.00080, LF=  4.53000 (Iter:  1 => Converg)
 Disp_Incr=  0.00080, LF=  4.55673 (Iter:  1 => Converg)
 Disp_Incr=  0.00080, LF=  4.58343 (Iter:  1 => Converg)
 Disp_Incr=  0.00080, LF=  4.61010 (Iter:  1 => Converg)
 Disp_Incr=  0.00080, LF=  4.63672 (Iter:  1 => Converg)
 Disp_Incr=  0.00080, LF=  4.66333 (Iter:  1 => Converg)
 Disp_Incr=  0.00080, LF=  4.68993 (Iter:  1 => Converg)
 Disp_Incr=  0.00080, LF=  4.71653 (Iter:  1 => Converg)
 Disp_Incr=  0.00080, LF=  4.74312 (Iter:  1 => Converg)
 Disp_Incr=  0.00080, LF=  4.76970 (Iter:  1 => Converg)
 Disp_Incr=  0.00080, LF=  4.79627 (Iter:  1 => Converg)
 Disp_Incr=  0.00080, LF=  4.82284 (Iter:  1 => Converg)
 Disp_Incr=  0.00080, LF=  4.84940 (Iter:  1 => Converg)
 Disp_Incr=  0.00080, LF=  4.87593 (Iter:  1 => Converg)
 Disp_Incr=  0.00080, LF=  4.90242 (Iter:  1 => Converg)
 Disp_Incr=  0.00080, LF=  4.92887 (Iter:  1 => Converg)
 Disp_Incr=  0.00080, LF=  4.95532 (Iter:  1 => Converg)
 Disp_Incr=  0.00080, LF=  4.98173 (Iter:  1 => Converg)
 Disp_Incr=  0.00080, LF=  5.00807 (Iter:  1 => Converg)
 Disp_Incr=  0.00080, LF=  5.03440 (Iter:  1 => Converg)
 Disp_Incr=  0.00080, LF=  5.06073 (Iter:  1 => Converg)
 Disp_Incr=  0.00080, LF=  5.08706 (Iter:  1 => Converg)
 Disp_Incr=  0.00080, LF=  5.11339 (Iter:  1 => Converg)
 Disp_Incr=  0.00080, LF=  5.13971 (Iter:  1 => Converg)
 Disp_Incr=  0.00080, LF=  5.16601 (Iter:  1 => Converg)
 Disp_Incr=  0.00080, LF=  5.19230 (Iter:  1 => Converg)
 Disp_Incr=  0.00080, LF=  5.21858 (Iter:  1 => Converg)
 Disp_Incr=  0.00080, LF=  5.24486 (Iter:  1 => Converg)
 Disp_Incr=  0.00080, LF=  5.27114 (Iter:  1 => Converg)
 Disp_Incr=  0.00080, LF=  5.29741 (Iter:  1 => Converg)
 Disp_Incr=  0.00080, LF=  5.32368 (Iter:  1 => Converg)
 Disp_Incr=  0.00080, LF=  5.34994 (Iter:  1 => Converg)
 Disp_Incr=  0.00080, LF=  5.37620 (Iter:  1 => Converg)
 Disp_Incr=  0.00080, LF=  5.40245 (Iter:  1 => Converg)
 Disp_Incr=  0.00080, LF=  5.42870 (Iter:  1 => Converg)
 Disp_Incr=  0.00080, LF=  5.45493 (Iter:  1 => Converg)
 Disp_Incr=  0.00080, LF=  5.48115 (Iter:  1 => Converg)
 Disp_Incr=  0.00080, LF=  5.50732 (Iter:  1 => Converg)
 Disp_Incr=  0.00080, LF=  5.53344 (Iter:  1 => Converg)
 Disp_Incr=  0.00080, LF=  5.55950 (Iter:  1 => Converg)
 Disp_Incr=  0.00080, LF=  5.58557 (Iter:  1 => Converg)
 Disp_Incr=  0.00080, LF=  5.61162 (Iter:  1 => Converg)
 Disp_Incr=  0.00080, LF=  5.63765 (Iter:  1 => Converg)
 Disp_Incr=  0.00080, LF=  5.66367 (Iter:  1 => Converg)
 Disp_Incr=  0.00080, LF=  5.68966 (Iter:  1 => Converg)
 Disp_Incr=  0.00080, LF=  5.71564 (Iter:  1 => Converg)
 Disp_Incr=  0.00080, LF=  5.74160 (Iter:  1 => Converg)
 Disp_Incr=  0.00080, LF=  5.76755 (Iter:  1 => Converg)
 Disp_Incr=  0.00080, LF=  5.79349 (Iter:  1 => Converg)
 Disp_Incr=  0.00080, LF=  5.81941 (Iter:  1 => Converg)
 Disp_Incr=  0.00080, LF=  5.84531 (Iter:  1 => Converg)
 Disp_Incr=  0.00080, LF=  5.87113 (Iter:  1 => Converg)
 Disp_Incr=  0.00080, LF=  5.89690 (Iter:  1 => Converg)
 Disp_Incr=  0.00080, LF=  5.92264 (Iter:  1 => Converg)
 Disp_Incr=  0.00080, LF=  5.94834 (Iter:  1 => Converg)
 Disp_Incr=  0.00080, LF=  5.97401 (Iter:  1 => Converg)
 Disp_Incr=  0.00080, LF=  5.99966 (Iter:  1 => Converg)
 Disp_Incr=  0.00080, LF=  6.02527 (Iter:  1 => Converg)
 Disp_Incr=  0.00080, LF=  6.05083 (Iter:  1 => Converg)
 Disp_Incr=  0.00080, LF=  6.07636 (Iter:  1 => Converg)
 Disp_Incr=  0.00080, LF=  6.10184 (Iter:  1 => Converg)
 Disp_Incr=  0.00080, LF=  6.12727 (Iter:  1 => Converg)
 Disp_Incr=  0.00080, LF=  6.15264 (Iter:  1 => Converg)
 Disp_Incr=  0.00080, LF=  6.17796 (Iter:  1 => Converg)
 Disp_Incr=  0.00080, LF=  6.20319 (Iter:  1 => Converg)
 Disp_Incr=  0.00080, LF=  6.22835 (Iter:  1 => Converg)
 Disp_Incr=  0.00080, LF=  6.25342 (Iter:  1 => Converg)
 Disp_Incr=  0.00080, LF=  6.27841 (Iter:  1 => Converg)
 Disp_Incr=  0.00080, LF=  6.30330 (Iter:  1 => Converg)
 Disp_Incr=  0.00080, LF=  6.32807 (Iter:  1 => Converg)
 Disp_Incr=  0.00080, LF=  6.35273 (Iter:  1 => Converg)
 Disp_Incr=  0.00080, LF=  6.37725 (Iter:  1 => Converg)
 Disp_Incr=  0.00080, LF=  6.40163 (Iter:  1 => Converg)
 Disp_Incr=  0.00080, LF=  6.42583 (Iter:  1 => Converg)
 Disp_Incr=  0.00080, LF=  6.44981 (Iter:  1 => Converg)
 Disp_Incr=  0.00080, LF=  6.47360 (Iter:  1 => Converg)
 Disp_Incr=  0.00080, LF=  6.49716 (Iter:  1 => Converg)
 Disp_Incr=  0.00080, LF=  6.52048 (Iter:  1 => Converg)
 Disp_Incr=  0.00080, LF=  6.54353 (Iter:  1 => Converg)
 Disp_Incr=  0.00080, LF=  6.56630 (Iter:  1 => Converg)
 Disp_Incr=  0.00080, LF=  6.58875 (Iter:  1 => Converg)
 Disp_Incr=  0.00080, LF=  6.61086 (Iter:  1 => Converg)
 Disp_Incr=  0.00080, LF=  6.63261 (Iter:  1 => Converg)
 Disp_Incr=  0.00080, LF=  6.65396 (Iter:  1 => Converg)
 Disp_Incr=  0.00080, LF=  6.67488 (Iter:  1 => Converg)
 Disp_Incr=  0.00080, LF=  6.69536 (Iter:  1 => Converg)
 Disp_Incr=  0.00080, LF=  6.71536 (Iter:  1 => Converg)
 Disp_Incr=  0.00080, LF=  6.73487 (Iter:  1 => Converg)
 Disp_Incr=  0.00080, LF=  6.75387 (Iter:  1 => Converg)
 Disp_Incr=  0.00080, LF=  6.77234 (Iter:  1 => Converg)
 Disp_Incr=  0.00080, LF=  6.79026 (Iter:  1 => Converg)
 Disp_Incr=  0.00080, LF=  6.80763 (Iter:  1 => Converg)
 Disp_Incr=  0.00080, LF=  6.82450 (Iter:  1 => Converg)
 Disp_Incr=  0.00080, LF=  6.84087 (Iter:  1 => Converg)
 Disp_Incr=  0.00080, LF=  6.85676 (Iter:  1 => Converg)
 Disp_Incr=  0.00080, LF=  6.87221 (Iter:  1 => Converg)
 Disp_Incr=  0.00080, LF=  6.88725 (Iter:  1 => Converg)
 Disp_Incr=  0.00080, LF=  6.90190 (Iter:  1 => Converg)
 Disp_Incr=  0.00080, LF=  6.91622 (Iter:  1 => Converg)
 Disp_Incr=  0.00080, LF=  6.93023 (Iter:  1 => Converg)
 Disp_Incr=  0.00080, LF=  6.94397 (Iter:  1 => Converg)
 Disp_Incr=  0.00080, LF=  6.95749 (Iter:  1 => Converg)
 Disp_Incr=  0.00080, LF=  6.97080 (Iter:  1 => Converg)
 Disp_Incr=  0.00080, LF=  6.98377 (Iter:  1 => Converg)
 Disp_Incr=  0.00080, LF=  6.99638 (Iter:  1 => Converg)
 Disp_Incr=  0.00080, LF=  7.00885 (Iter:  1 => Converg)
 Disp_Incr=  0.00080, LF=  7.02120 (Iter:  1 => Converg)
 Disp_Incr=  0.00080, LF=  7.03346 (Iter:  1 => Converg)
 Disp_Incr=  0.00080, LF=  7.04563 (Iter:  1 => Converg)
 Disp_Incr=  0.00080, LF=  7.05772 (Iter:  1 => Converg)
 Disp_Incr=  0.00080, LF=  7.06975 (Iter:  1 => Converg)
 Disp_Incr=  0.00080, LF=  7.08172 (Iter:  1 => Converg)
 Disp_Incr=  0.00080, LF=  7.09365 (Iter:  1 => Converg)
 Disp_Incr=  0.00080, LF=  7.10552 (Iter:  1 => Converg)
 Disp_Incr=  0.00080, LF=  7.11736 (Iter:  1 => Converg)
 Disp_Incr=  0.00080, LF=  7.12915 (Iter:  1 => Converg)
 Disp_Incr=  0.00080, LF=  7.14089 (Iter:  1 => Converg)
 Disp_Incr=  0.00080, LF=  7.15260 (Iter:  1 => Converg)
 Disp_Incr=  0.00080, LF=  7.16425 (Iter:  1 => Converg)
 Disp_Incr=  0.00080, LF=  7.17586 (Iter:  1 => Converg)
 Disp_Incr=  0.00080, LF=  7.18740 (Iter:  1 => Converg)
 Disp_Incr=  0.00080, LF=  7.19889 (Iter:  1 => Converg)
 Disp_Incr=  0.00080, LF=  7.21030 (Iter:  1 => Converg)
 Disp_Incr=  0.00080, LF=  7.22163 (Iter:  1 => Converg)
 Disp_Incr=  0.00080, LF=  7.23287 (Iter:  1 => Converg)
 Disp_Incr=  0.00080, LF=  7.24401 (Iter:  1 => Converg)
 Disp_Incr=  0.00080, LF=  7.25502 (Iter:  1 => Converg)
 Disp_Incr=  0.00080, LF=  7.26590 (Iter:  1 => Converg)
 Disp_Incr=  0.00080, LF=  7.27662 (Iter:  1 => Converg)
 Disp_Incr=  0.00080, LF=  7.28716 (Iter:  1 => Converg)
 Disp_Incr=  0.00080, LF=  7.29750 (Iter:  1 => Converg)
 Disp_Incr=  0.00080, LF=  7.30761 (Iter:  1 => Converg)
 Disp_Incr=  0.00080, LF=  7.31745 (Iter:  1 => Converg)
 Disp_Incr=  0.00080, LF=  7.32700 (Iter:  1 => Converg)
 Disp_Incr=  0.00080, LF=  7.33622 (Iter:  1 => Converg)
 Disp_Incr=  0.00080, LF=  7.34506 (Iter:  1 => Converg)
 Disp_Incr=  0.00080, LF=  7.35321 (Iter:  1 => Converg)
 Disp_Incr=  0.00080, LF=  7.36091 (Iter:  1 => Converg)
 Disp_Incr=  0.00080, LF=  7.36814 (Iter:  1 => Converg)
 Disp_Incr=  0.00080, LF=  7.37488 (Iter:  1 => Converg)
 Disp_Incr=  0.00080, LF=  7.38110 (Iter:  2 => Converg)
 Disp_Incr=  0.00080, LF=  7.38679 (Iter:  1 => Converg)
 Disp_Incr=  0.00080, LF=  7.39197 (Iter:  1 => Converg)
 Disp_Incr=  0.00080, LF=  7.39665 (Iter:  1 => Converg)
 Disp_Incr=  0.00080, LF=  7.40083 (Iter:  1 => Converg)
 Disp_Incr=  0.00080, LF=  7.40456 (Iter:  1 => Converg)
 Disp_Incr=  0.00080, LF=  7.40787 (Iter:  1 => Converg)
 Disp_Incr=  0.00080, LF=  7.41066 (Iter:  1 => Converg)
 Disp_Incr=  0.00080, LF=  7.41310 (Iter:  1 => Converg)
 Disp_Incr=  0.00080, LF=  7.41523 (Iter:  1 => Converg)
 Disp_Incr=  0.00080, LF=  7.41710 (Iter:  1 => Converg)
 Disp_Incr=  0.00080, LF=  7.41875 (Iter:  1 => Converg)
 Disp_Incr=  0.00080, LF=  7.42020 (Iter:  1 => Converg)
 Disp_Incr=  0.00080, LF=  7.42148 (Iter:  1 => Converg)
 Disp_Incr=  0.00080, LF=  7.42263 (Iter:  1 => Converg)
 Disp_Incr=  0.00080, LF=  7.42367 (Iter:  1 => Converg)
 Disp_Incr=  0.00080, LF=  7.42461 (Iter:  1 => Converg)
 Disp_Incr=  0.00080, LF=  7.42547 (Iter:  1 => Converg)
 Disp_Incr=  0.00080, LF=  7.42627 (Iter:  1 => Converg)
 Disp_Incr=  0.00080, LF=  7.42701 (Iter:  1 => Converg)
 Disp_Incr=  0.00080, LF=  7.42770 (Iter:  1 => Converg)
 Disp_Incr=  0.00080, LF=  7.42836 (Iter:  2 => Converg)
 Disp_Incr=  0.00080, LF=  7.42898 (Iter:  2 => Converg)
 Disp_Incr=  0.00080, LF=  7.42957 (Iter:  1 => Converg)
 Disp_Incr=  0.00080, LF=  7.43014 (Iter:  1 => Converg)
 Disp_Incr=  0.00080, LF=  7.43069 (Iter:  1 => Converg)
 Disp_Incr=  0.00080, LF=  7.43122 (Iter:  1 => Converg)
 Disp_Incr=  0.00080, LF=  7.43173 (Iter:  1 => Converg)
 Disp_Incr=  0.00080, LF=  7.43223 (Iter:  1 => Converg)
 Disp_Incr=  0.00080, LF=  7.43272 (Iter:  1 => Converg)
 Disp_Incr=  0.00080, LF=  7.43320 (Iter:  1 => Converg)
 Disp_Incr=  0.00080, LF=  7.43366 (Iter:  1 => Converg)
 Disp_Incr=  0.00080, LF=  7.43412 (Iter:  1 => Converg)
 Disp_Incr=  0.00080, LF=  7.43454 (Iter:  1 => Converg)
 Disp_Incr=  0.00080, LF=  7.43490 (Iter:  1 => Converg)
 Disp_Incr=  0.00080, LF=  7.43524 (Iter:  1 => Converg)
 Disp_Incr=  0.00080, LF=  7.43559 (Iter:  1 => Converg)
 Disp_Incr=  0.00080, LF=  7.43592 (Iter:  1 => Converg)
 Disp_Incr=  0.00080, LF=  7.43625 (Iter:  1 => Converg)
 Disp_Incr=  0.00080, LF=  7.43657 (Iter:  2 => Converg)
 Disp_Incr=  0.00080, LF=  7.43688 (Iter:  2 => Converg)
 Disp_Incr=  0.00080, LF=  7.43718 (Iter:  2 => Converg)
 Disp_Incr=  0.00080, LF=  7.43748 (Iter:  2 => Converg)
 Disp_Incr=  0.00080, LF=  7.43778 (Iter:  2 => Converg)
 Disp_Incr=  0.00080, LF=  7.43806 (Iter:  2 => Converg)
 Disp_Incr=  0.00080, LF=  7.43834 (Iter:  2 => Converg)
 Disp_Incr=  0.00080, LF=  7.43861 (Iter:  2 => Converg)
 Disp_Incr=  0.00080, LF=  7.43888 (Iter:  2 => Converg)
 Disp_Incr=  0.00080, LF=  7.43914 (Iter:  2 => Converg)
 Disp_Incr=  0.00080, LF=  7.43940 (Iter:  2 => Converg)
 Disp_Incr=  0.00080, LF=  7.43964 (Iter:  2 => Converg)
 Disp_Incr=  0.00080, LF=  7.43989 (Iter:  2 => Converg)
 Disp_Incr=  0.00080, LF=  7.44012 (Iter:  2 => Converg)
 Disp_Incr=  0.00080, LF=  7.44035 (Iter:  2 => Converg)
 Disp_Incr=  0.00080, LF=  7.44057 (Iter:  2 => Converg)
 Disp_Incr=  0.00080, LF=  7.44079 (Iter:  2 => Converg)
 Disp_Incr=  0.00080, LF=  7.44100 (Iter:  2 => Converg)
 Disp_Incr=  0.00080, LF=  7.44120 (Iter:  2 => Converg)
 Disp_Incr=  0.00080, LF=  7.44140 (Iter:  2 => Converg)
 Disp_Incr=  0.00080, LF=  7.44159 (Iter:  2 => Converg)
 Disp_Incr=  0.00080, LF=  7.44177 (Iter:  2 => Converg)
 Disp_Incr=  0.00080, LF=  7.44195 (Iter:  2 => Converg)
 Disp_Incr=  0.00080, LF=  7.44212 (Iter:  2 => Converg)
 Disp_Incr=  0.00080, LF=  7.44228 (Iter:  2 => Converg)
 Disp_Incr=  0.00080, LF=  7.44244 (Iter:  2 => Converg)
 Disp_Incr=  0.00080, LF=  7.44259 (Iter:  2 => Converg)
 Disp_Incr=  0.00080, LF=  7.44273 (Iter:  2 => Converg)
 Disp_Incr=  0.00080, LF=  7.44286 (Iter:  2 => Converg)
 Disp_Incr=  0.00080, LF=  7.44299 (Iter:  2 => Converg)
 Disp_Incr=  0.00080, LF=  7.44311 (Iter:  2 => Converg)
 Disp_Incr=  0.00080, LF=  7.44323 (Iter:  2 => Converg)
 Disp_Incr=  0.00080, LF=  7.44334 (Iter:  2 => Converg)
 Disp_Incr=  0.00080, LF=  7.44344 (Iter:  2 => Converg)
 Disp_Incr=  0.00080, LF=  7.44353 (Iter:  2 => Converg)
 Disp_Incr=  0.00080, LF=  7.44361 (Iter:  2 => Converg)
 Disp_Incr=  0.00080, LF=  7.44369 (Iter:  2 => Converg)
 Disp_Incr=  0.00080, LF=  7.44375 (Iter:  2 => Converg)
 Disp_Incr=  0.00080, LF=  7.44381 (Iter:  2 => Converg)
 Disp_Incr=  0.00080, LF=  7.44386 (Iter:  1 => Converg)
 Disp_Incr=  0.00080, LF=  7.44390 (Iter:  1 => Converg)
 Disp_Incr=  0.00080, LF=  7.44394 (Iter:  1 => Converg)
 Disp_Incr=  0.00080, LF=  7.44396 (Iter:  1 => Converg)
 Disp_Incr=  0.00080, LF=  7.44397 (Iter:  1 => Converg)
 Disp_Incr=  0.00080, LF=  7.44397 (Iter:  1 => Converg)
 Disp_Incr=  0.00080, LF=  7.44396 (Iter:  1 => Converg)
 Disp_Incr=  0.00080, LF=  7.44394 (Iter:  1 => Converg)
 Disp_Incr=  0.00080, LF=  7.44390 (Iter:  1 => Converg)
 Disp_Incr=  0.00080, LF=  7.44385 (Iter:  1 => Converg)
 Disp_Incr=  0.00080, LF=  7.44379 (Iter:  1 => Converg)
 Disp_Incr=  0.00080, LF=  7.44371 (Iter:  1 => Converg)
 Disp_Incr=  0.00080, LF=  7.44362 (Iter:  1 => Converg)
 Disp_Incr=  0.00080, LF=  7.44351 (Iter:  1 => Converg)
 Disp_Incr=  0.00080, LF=  7.44338 (Iter:  1 => Converg)
 Disp_Incr=  0.00080, LF=  7.44323 (Iter:  1 => Converg)
 Disp_Incr=  0.00080, LF=  7.44306 (Iter:  1 => Converg)
 Disp_Incr=  0.00080, LF=  7.44286 (Iter:  1 => Converg)
 Disp_Incr=  0.00080, LF=  7.44264 (Iter:  1 => Converg)
 Disp_Incr=  0.00080, LF=  7.44240 (Iter:  1 => Converg)
 Disp_Incr=  0.00080, LF=  7.44212 (Iter:  1 => Converg)
 Disp_Incr=  0.00080, LF=  7.44181 (Iter:  1 => Converg)
 Disp_Incr=  0.00080, LF=  7.44147 (Iter:  1 => Converg)
 Disp_Incr=  0.00080, LF=  7.44109 (Iter:  1 => Converg)
 Disp_Incr=  0.00080, LF=  7.44067 (Iter:  2 => Converg)
 Disp_Incr=  0.00080, LF=  7.44021 (Iter:  2 => Converg)
 Disp_Incr=  0.00080, LF=  7.43970 (Iter:  2 => Converg)
 Disp_Incr=  0.00080, LF=  7.43914 (Iter:  2 => Converg)
 Disp_Incr=  0.00080, LF=  7.43852 (Iter:  2 => Converg)
 Disp_Incr=  0.00080, LF=  7.43785 (Iter:  2 => Converg)
 Disp_Incr=  0.00080, LF=  7.43711 (Iter:  2 => Converg)
 Disp_Incr=  0.00080, LF=  7.43631 (Iter:  2 => Converg)
 Disp_Incr=  0.00080, LF=  7.43543 (Iter:  2 => Converg)
 Disp_Incr=  0.00080, LF=  7.43448 (Iter:  2 => Converg)
 Disp_Incr=  0.00080, LF=  7.43344 (Iter:  1 => Converg)
 Disp_Incr=  0.00080, LF=  7.43232 (Iter:  1 => Converg)
 Disp_Incr=  0.00080, LF=  7.43111 (Iter:  1 => Converg)
 Disp_Incr=  0.00080, LF=  7.42981 (Iter:  1 => Converg)
 Disp_Incr=  0.00080, LF=  7.42841 (Iter:  1 => Converg)
 Disp_Incr=  0.00080, LF=  7.42690 (Iter:  1 => Converg)
 Disp_Incr=  0.00080, LF=  7.42529 (Iter:  1 => Converg)
 Disp_Incr=  0.00080, LF=  7.42358 (Iter:  1 => Converg)
 Disp_Incr=  0.00080, LF=  7.42175 (Iter:  1 => Converg)
 Disp_Incr=  0.00080, LF=  7.41981 (Iter:  1 => Converg)
 Disp_Incr=  0.00080, LF=  7.41776 (Iter:  1 => Converg)
 Disp_Incr=  0.00080, LF=  7.41559 (Iter:  1 => Converg)
 Disp_Incr=  0.00080, LF=  7.41331 (Iter:  1 => Converg)
 Disp_Incr=  0.00080, LF=  7.41092 (Iter:  1 => Converg)
 Disp_Incr=  0.00080, LF=  7.40842 (Iter:  1 => Converg)
 Disp_Incr=  0.00080, LF=  7.40582 (Iter:  2 => Converg)
 Disp_Incr=  0.00080, LF=  7.40310 (Iter:  2 => Converg)
 Disp_Incr=  0.00080, LF=  7.40029 (Iter:  2 => Converg)
 Disp_Incr=  0.00080, LF=  7.39738 (Iter:  2 => Converg)
 Disp_Incr=  0.00080, LF=  7.39437 (Iter:  2 => Converg)
 Disp_Incr=  0.00080, LF=  7.39127 (Iter:  2 => Converg)
 Disp_Incr=  0.00080, LF=  7.38809 (Iter:  2 => Converg)
 Disp_Incr=  0.00080, LF=  7.38483 (Iter:  2 => Converg)
 Disp_Incr=  0.00080, LF=  7.38149 (Iter:  2 => Converg)
 Disp_Incr=  0.00080, LF=  7.37808 (Iter:  2 => Converg)
 Disp_Incr=  0.00080, LF=  7.37460 (Iter:  2 => Converg)
 Disp_Incr=  0.00080, LF=  7.37106 (Iter:  2 => Converg)
 Disp_Incr=  0.00080, LF=  7.36746 (Iter:  2 => Converg)
 Disp_Incr=  0.00080, LF=  7.36381 (Iter:  2 => Converg)
 Disp_Incr=  0.00080, LF=  7.36011 (Iter:  2 => Converg)
 Disp_Incr=  0.00080, LF=  7.35637 (Iter:  2 => Converg)
 Disp_Incr=  0.00080, LF=  7.35258 (Iter:  2 => Converg)
 Disp_Incr=  0.00080, LF=  7.34876 (Iter:  2 => Converg)
 Disp_Incr=  0.00080, LF=  7.34489 (Iter:  2 => Converg)
 Disp_Incr=  0.00080, LF=  7.34100 (Iter:  2 => Converg)
 Disp_Incr=  0.00080, LF=  7.33707 (Iter:  2 => Converg)
 Disp_Incr=  0.00080, LF=  7.33312 (Iter:  2 => Converg)
 Disp_Incr=  0.00080, LF=  7.32914 (Iter:  2 => Converg)
 Disp_Incr=  0.00080, LF=  7.32514 (Iter:  2 => Converg)
 Disp_Incr=  0.00080, LF=  7.32111 (Iter:  2 => Converg)
 Disp_Incr=  0.00080, LF=  7.31707 (Iter:  2 => Converg)
 Disp_Incr=  0.00080, LF=  7.31300 (Iter:  2 => Converg)
 Disp_Incr=  0.00080, LF=  7.30892 (Iter:  1 => Converg)
 Disp_Incr=  0.00080, LF=  7.30482 (Iter:  2 => Converg)
 Disp_Incr=  0.00080, LF=  7.30071 (Iter:  2 => Converg)
 Disp_Incr=  0.00080, LF=  7.29658 (Iter:  2 => Converg)
 Disp_Incr=  0.00080, LF=  7.29244 (Iter:  2 => Converg)
 Disp_Incr=  0.00080, LF=  7.28829 (Iter:  2 => Converg)
 Disp_Incr=  0.00080, LF=  7.28413 (Iter:  2 => Converg)
 Disp_Incr=  0.00080, LF=  7.27995 (Iter:  2 => Converg)
 Disp_Incr=  0.00080, LF=  7.27577 (Iter:  2 => Converg)
 Disp_Incr=  0.00080, LF=  7.27157 (Iter:  2 => Converg)
 Disp_Incr=  0.00080, LF=  7.26737 (Iter:  2 => Converg)
 Disp_Incr=  0.00080, LF=  7.26315 (Iter:  2 => Converg)
 Disp_Incr=  0.00080, LF=  7.25893 (Iter:  2 => Converg)
 Disp_Incr=  0.00080, LF=  7.25470 (Iter:  2 => Converg)
 Disp_Incr=  0.00080, LF=  7.25021 (Iter:  2 => Converg)
 Disp_Incr=  0.00080, LF=  7.24555 (Iter:  2 => Converg)
 Disp_Incr=  0.00080, LF=  7.24088 (Iter:  2 => Converg)
 Disp_Incr=  0.00080, LF=  7.23620 (Iter:  2 => Converg)
 Disp_Incr=  0.00080, LF=  7.23152 (Iter:  2 => Converg)
 Disp_Incr=  0.00080, LF=  7.22683 (Iter:  2 => Converg)
 Disp_Incr=  0.00080, LF=  7.22214 (Iter:  2 => Converg)
 Disp_Incr=  0.00080, LF=  7.21745 (Iter:  2 => Converg)
 Disp_Incr=  0.00080, LF=  7.21274 (Iter:  2 => Converg)
 Disp_Incr=  0.00080, LF=  7.20804 (Iter:  2 => Converg)
 Disp_Incr=  0.00080, LF=  7.20333 (Iter:  2 => Converg)
 Disp_Incr=  0.00080, LF=  7.19861 (Iter:  2 => Converg)
 Disp_Incr=  0.00080, LF=  7.19389 (Iter:  2 => Converg)
 Disp_Incr=  0.00080, LF=  7.18916 (Iter:  2 => Converg)
 Disp_Incr=  0.00080, LF=  7.18444 (Iter:  2 => Converg)
 Disp_Incr=  0.00080, LF=  7.17970 (Iter:  2 => Converg)
 Disp_Incr=  0.00080, LF=  7.17496 (Iter:  2 => Converg)
 Disp_Incr=  0.00080, LF=  7.17022 (Iter:  2 => Converg)
 Disp_Incr=  0.00080, LF=  7.16548 (Iter:  2 => Converg)
 Disp_Incr=  0.00080, LF=  7.16073 (Iter:  1 => Converg)
 Disp_Incr=  0.00080, LF=  7.15597 (Iter:  1 => Converg)
 Disp_Incr=  0.00080, LF=  7.15122 (Iter:  1 => Converg)
 Disp_Incr=  0.00080, LF=  7.14646 (Iter:  1 => Converg)
 Disp_Incr=  0.00080, LF=  7.14169 (Iter:  1 => Converg)
 Disp_Incr=  0.00080, LF=  7.13692 (Iter:  1 => Converg)
 Disp_Incr=  0.00080, LF=  7.13215 (Iter:  1 => Converg)
 Disp_Incr=  0.00080, LF=  7.12737 (Iter:  1 => Converg)
 Disp_Incr=  0.00080, LF=  7.12259 (Iter:  1 => Converg)
 Disp_Incr=  0.00080, LF=  7.11781 (Iter:  1 => Converg)
 Disp_Incr=  0.00080, LF=  7.11302 (Iter:  1 => Converg)
 Disp_Incr=  0.00080, LF=  7.10823 (Iter:  1 => Converg)
 Disp_Incr=  0.00080, LF=  7.10344 (Iter:  1 => Converg)
 Disp_Incr=  0.00080, LF=  7.09864 (Iter:  1 => Converg)
 Disp_Incr=  0.00080, LF=  7.09384 (Iter:  1 => Converg)
 Disp_Incr=  0.00080, LF=  7.08903 (Iter:  1 => Converg)
 Disp_Incr=  0.00080, LF=  7.08422 (Iter:  1 => Converg)
 Disp_Incr=  0.00080, LF=  7.07941 (Iter:  1 => Converg)
 Disp_Incr=  0.00080, LF=  7.07459 (Iter:  1 => Converg)
 Disp_Incr=  0.00080, LF=  7.06977 (Iter:  1 => Converg)
 Disp_Incr=  0.00080, LF=  7.06495 (Iter:  1 => Converg)
 Disp_Incr=  0.00080, LF=  7.06012 (Iter:  1 => Converg)
 Disp_Incr=  0.00080, LF=  7.05529 (Iter:  1 => Converg)
 Disp_Incr=  0.00080, LF=  7.05046 (Iter:  1 => Converg)
 Disp_Incr=  0.00080, LF=  7.04562 (Iter:  1 => Converg)
 Disp_Incr=  0.00080, LF=  7.04078 (Iter:  1 => Converg)
 Disp_Incr=  0.00080, LF=  7.03594 (Iter:  1 => Converg)
 Disp_Incr=  0.00080, LF=  7.03109 (Iter:  1 => Converg)
 Disp_Incr=  0.00080, LF=  7.02624 (Iter:  1 => Converg)
 Disp_Incr=  0.00080, LF=  7.02139 (Iter:  1 => Converg)
 Disp_Incr=  0.00080, LF=  7.01653 (Iter:  1 => Converg)
 Disp_Incr=  0.00080, LF=  7.01167 (Iter:  1 => Converg)
 Disp_Incr=  0.00080, LF=  7.00680 (Iter:  1 => Converg)
 Disp_Incr=  0.00080, LF=  7.00194 (Iter:  1 => Converg)
 Disp_Incr=  0.00080, LF=  6.99707 (Iter:  1 => Converg)
 Disp_Incr=  0.00080, LF=  6.99219 (Iter:  1 => Converg)
 Disp_Incr=  0.00080, LF=  6.98731 (Iter:  1 => Converg)
 Disp_Incr=  0.00080, LF=  6.98243 (Iter:  1 => Converg)
 Disp_Incr=  0.00080, LF=  6.97755 (Iter:  1 => Converg)
 Disp_Incr=  0.00080, LF=  6.97266 (Iter:  1 => Converg)
 Disp_Incr=  0.00080, LF=  6.96777 (Iter:  1 => Converg)
 Disp_Incr=  0.00080, LF=  6.96288 (Iter:  1 => Converg)
 Disp_Incr=  0.00080, LF=  6.95798 (Iter:  1 => Converg)
 Disp_Incr=  0.00080, LF=  6.95308 (Iter:  1 => Converg)
 Disp_Incr=  0.00080, LF=  6.94818 (Iter:  1 => Converg)
 Disp_Incr=  0.00080, LF=  6.94327 (Iter:  1 => Converg)
 Disp_Incr=  0.00080, LF=  6.93836 (Iter:  1 => Converg)
 Disp_Incr=  0.00080, LF=  6.93345 (Iter:  1 => Converg)
 Disp_Incr=  0.00080, LF=  6.92853 (Iter:  1 => Converg)
 Disp_Incr=  0.00080, LF=  6.92361 (Iter:  1 => Converg)
 Disp_Incr=  0.00080, LF=  6.91869 (Iter:  1 => Converg)
 Disp_Incr=  0.00080, LF=  6.91376 (Iter:  1 => Converg)
 Disp_Incr=  0.00080, LF=  6.90883 (Iter:  1 => Converg)
 Disp_Incr=  0.00080, LF=  6.90390 (Iter:  1 => Converg)
 Disp_Incr=  0.00080, LF=  6.89897 (Iter:  1 => Converg)
 Disp_Incr=  0.00080, LF=  6.89403 (Iter:  1 => Converg)
 Disp_Incr=  0.00080, LF=  6.88909 (Iter:  1 => Converg)
 Disp_Incr=  0.00080, LF=  6.88414 (Iter:  1 => Converg)
 Disp_Incr=  0.00080, LF=  6.87919 (Iter:  1 => Converg)
 Disp_Incr=  0.00080, LF=  6.87424 (Iter:  1 => Converg)
 Disp_Incr=  0.00080, LF=  6.86929 (Iter:  1 => Converg)
 Disp_Incr=  0.00080, LF=  6.86433 (Iter:  1 => Converg)
 Disp_Incr=  0.00080, LF=  6.85937 (Iter:  1 => Converg)
 Disp_Incr=  0.00080, LF=  6.85441 (Iter:  1 => Converg)
-----------------------------------------
Response Control Phase terminated
    Total Analysis Time: 0h:0min:34sec
-----------------------------------------



